<?xml version="1.0" encoding="UTF-8"?>
<testng-results skipped="0" failed="1" ignored="0" total="1" passed="0">
  <reporter-output>
  </reporter-output>
  <suite name="Default suite" duration-ms="85498" started-at="2020-03-08T03:03:35Z" finished-at="2020-03-08T03:05:01Z">
    <groups>
    </groups>
    <test name="Default test" duration-ms="85498" started-at="2020-03-08T03:03:35Z" finished-at="2020-03-08T03:05:01Z">
      <class name="com.checkingLinks.test.CheckLinksTests">
        <test-method status="PASS" signature="beforeClass()[pri:0, instance:com.checkingLinks.test.CheckLinksTests@1774679]" name="beforeClass" is-config="true" duration-ms="52491" started-at="2020-03-08T03:03:35Z" finished-at="2020-03-08T03:04:28Z">
          <reporter-output>
          </reporter-output>
        </test-method> <!-- beforeClass -->
        <test-method status="FAIL" signature="checkingLinks()[pri:0, instance:com.checkingLinks.test.CheckLinksTests@1774679]" name="checkingLinks" duration-ms="32196" started-at="2020-03-08T03:04:28Z" finished-at="2020-03-08T03:05:00Z">
          <exception class="java.lang.AssertionError">
            <message>
              <![CDATA[There are broken links expected [true] but found [false]]]>
            </message>
            <full-stacktrace>
              <![CDATA[java.lang.AssertionError: There are broken links expected [true] but found [false]
at org.testng.Assert.fail(Assert.java:96)
at org.testng.Assert.failNotEquals(Assert.java:776)
at org.testng.Assert.assertTrue(Assert.java:44)
at com.checkingLinks.test.CheckLinksTests.checkingLinks(CheckLinksTests.java:27)
at sun.reflect.NativeMethodAccessorImpl.invoke0(Native Method)
at sun.reflect.NativeMethodAccessorImpl.invoke(NativeMethodAccessorImpl.java:62)
at sun.reflect.DelegatingMethodAccessorImpl.invoke(DelegatingMethodAccessorImpl.java:43)
at java.lang.reflect.Method.invoke(Method.java:498)
at org.testng.internal.MethodInvocationHelper.invokeMethod(MethodInvocationHelper.java:124)
at org.testng.internal.Invoker.invokeMethod(Invoker.java:583)
at org.testng.internal.Invoker.invokeTestMethod(Invoker.java:719)
at org.testng.internal.Invoker.invokeTestMethods(Invoker.java:989)
at org.testng.internal.TestMethodWorker.invokeTestMethods(TestMethodWorker.java:125)
at org.testng.internal.TestMethodWorker.run(TestMethodWorker.java:109)
at org.testng.TestRunner.privateRun(TestRunner.java:648)
at org.testng.TestRunner.run(TestRunner.java:505)
at org.testng.SuiteRunner.runTest(SuiteRunner.java:455)
at org.testng.SuiteRunner.runSequentially(SuiteRunner.java:450)
at org.testng.SuiteRunner.privateRun(SuiteRunner.java:415)
at org.testng.SuiteRunner.run(SuiteRunner.java:364)
at org.testng.SuiteRunnerWorker.runSuite(SuiteRunnerWorker.java:52)
at org.testng.SuiteRunnerWorker.run(SuiteRunnerWorker.java:84)
at org.testng.TestNG.runSuitesSequentially(TestNG.java:1208)
at org.testng.TestNG.runSuitesLocally(TestNG.java:1137)
at org.testng.TestNG.runSuites(TestNG.java:1049)
at org.testng.TestNG.run(TestNG.java:1017)
at org.testng.remote.AbstractRemoteTestNG.run(AbstractRemoteTestNG.java:114)
at org.testng.remote.RemoteTestNG.initAndRun(RemoteTestNG.java:251)
at org.testng.remote.RemoteTestNG.main(RemoteTestNG.java:77)
]]>
            </full-stacktrace>
          </exception> <!-- java.lang.AssertionError -->
          <reporter-output>
          </reporter-output>
        </test-method> <!-- checkingLinks -->
        <test-method status="PASS" signature="afterClass()[pri:0, instance:com.checkingLinks.test.CheckLinksTests@1774679]" name="afterClass" is-config="true" duration-ms="631" started-at="2020-03-08T03:05:00Z" finished-at="2020-03-08T03:05:01Z">
          <reporter-output>
          </reporter-output>
        </test-method> <!-- afterClass -->
      </class> <!-- com.checkingLinks.test.CheckLinksTests -->
    </test> <!-- Default test -->
  </suite> <!-- Default suite -->
</testng-results>
